<?xml version="1.0" encoding="UTF-8"?>
<!-- Generated by org.testng.reporters.JUnitReportReporter -->
<testsuite hostname="DESKTOP-7J833FF" failures="0" tests="1" name="CRUDoperationsWithoutBDD.CreateProjectTest" time="2.111" errors="0" timestamp="2022-07-09T19:04:46 IST" skipped="0">
  <testcase classname="CRUDoperationsWithoutBDD.CreateProjectTest" name="createProjectTest" time="2.111"/>
  <system-out/>
</testsuite> <!-- CRUDoperationsWithoutBDD.CreateProjectTest -->
