<?xml version="1.0" encoding="UTF-8"?>
<!-- Generated by org.testng.reporters.JUnitReportReporter -->
<testsuite hostname="DESKTOP-7J833FF" failures="0" tests="1" name="EndToEndScenario.CreateAProjectAndVerifyItInDB" time="1.799" errors="0" timestamp="2022-07-12T10:21:42 IST" skipped="0">
  <testcase classname="EndToEndScenario.CreateAProjectAndVerifyItInDB" name="createAProjectAndVerifyItInDBTest" time="1.799"/>
  <system-out/>
</testsuite> <!-- EndToEndScenario.CreateAProjectAndVerifyItInDB -->
