<?xml version="1.0" encoding="UTF-8"?>
<!-- Generated by org.testng.reporters.JUnitReportReporter -->
<testsuite hostname="DESKTOP-7J833FF" failures="0" tests="1" name="DifferentwaysToPOST.CreateProjectUsingHashmapTest" time="2.066" errors="0" timestamp="2022-07-07T22:29:22 IST" skipped="0">
  <testcase classname="DifferentwaysToPOST.CreateProjectUsingHashmapTest" name="createProjectUsingHashmap" time="2.066"/>
  <system-out/>
</testsuite> <!-- DifferentwaysToPOST.CreateProjectUsingHashmapTest -->
