<?xml version="1.0" encoding="UTF-8"?>
<!-- Generated by org.testng.reporters.JUnitReportReporter -->
<testsuite hostname="DESKTOP-7J833FF" failures="0" tests="1" name="ResponseValidation.StaticResponseValidationTest" time="2.491" errors="0" timestamp="2022-07-09T19:26:44 IST" skipped="0">
  <testcase classname="ResponseValidation.StaticResponseValidationTest" name="staticResponseValidation" time="2.491"/>
  <system-out/>
</testsuite> <!-- ResponseValidation.StaticResponseValidationTest -->
