<?xml version="1.0" encoding="UTF-8"?>
<!-- Generated by org.testng.reporters.JUnitReportReporter -->
<testsuite hostname="DESKTOP-7J833FF" failures="0" tests="1" name="CRUDoperationsWithoutBDD.GetSingleProjectTest" time="1.806" errors="0" timestamp="2022-07-08T17:21:47 IST" skipped="0">
  <testcase classname="CRUDoperationsWithoutBDD.GetSingleProjectTest" name="getSingleProjectTest" time="1.806"/>
  <system-out/>
</testsuite> <!-- CRUDoperationsWithoutBDD.GetSingleProjectTest -->
