<?xml version="1.0" encoding="UTF-8"?>
<!-- Generated by org.testng.reporters.JUnitReportReporter -->
<testsuite hostname="DESKTOP-7J833FF" failures="0" tests="1" name="CRUDoperationsWithoutBDD.DeleteTheProject" time="1.629" errors="0" timestamp="2022-07-07T14:32:17 IST" skipped="0">
  <testcase classname="CRUDoperationsWithoutBDD.DeleteTheProject" name="deleteTheProjectTest" time="1.629"/>
  <system-out/>
</testsuite> <!-- CRUDoperationsWithoutBDD.DeleteTheProject -->
