<?xml version="1.0" encoding="UTF-8"?>
<!-- Generated by org.testng.reporters.JUnitReportReporter -->
<testsuite hostname="DESKTOP-7J833FF" failures="0" tests="1" name="CRUDoperationWithBDD.CreateProjectTest" time="2.714" errors="0" timestamp="2022-07-08T10:09:23 IST" skipped="0">
  <testcase classname="CRUDoperationWithBDD.CreateProjectTest" name="createProjectTest" time="2.714"/>
  <system-out/>
</testsuite> <!-- CRUDoperationWithBDD.CreateProjectTest -->
