<?xml version="1.0" encoding="UTF-8"?>
<!-- Generated by org.testng.reporters.JUnitReportReporter -->
<testsuite hostname="DESKTOP-7J833FF" failures="0" tests="1" name="DifferentwaysToPOST.CreateProjectUsingJSONObjectTest" time="1.231" errors="0" timestamp="2022-07-08T11:19:18 IST" skipped="0">
  <testcase classname="DifferentwaysToPOST.CreateProjectUsingJSONObjectTest" name="createProjectUsingJSONObject" time="1.231"/>
  <system-out/>
</testsuite> <!-- DifferentwaysToPOST.CreateProjectUsingJSONObjectTest -->
