<?xml version="1.0" encoding="UTF-8"?>
<!-- Generated by org.testng.reporters.JUnitReportReporter -->
<testsuite hostname="DESKTOP-7J833FF" failures="0" tests="1" name="BasicAuthentication.Oauth2Test" time="3.945" errors="0" timestamp="2022-07-11T15:12:34 IST" skipped="0">
  <testcase classname="BasicAuthentication.Oauth2Test" name="oauth2Test" time="3.945"/>
  <system-out>
    <![CDATA[5fef44ced2f83bfb3d9116f5709417e8527948af]]>
  </system-out>
</testsuite> <!-- BasicAuthentication.Oauth2Test -->
