<?xml version="1.0" encoding="UTF-8"?>
<!-- Generated by org.testng.reporters.JUnitReportReporter -->
<testsuite hostname="DESKTOP-7J833FF" failures="0" tests="1" name="BasicAuthentication.BarerToken" time="5.780" errors="0" timestamp="2022-07-11T12:55:43 IST" skipped="0">
  <testcase classname="BasicAuthentication.BarerToken" name="barerTokenTest" time="5.780"/>
  <system-out/>
</testsuite> <!-- BasicAuthentication.BarerToken -->
