<?xml version="1.0" encoding="UTF-8"?>
<!-- Generated by org.testng.reporters.JUnitReportReporter -->
<testsuite hostname="DESKTOP-7J833FF" failures="0" tests="5" name="ProjectWithDifferentSetOfData.CreateProjectWithDifferentSetOfDataTest" time="1.465" errors="0" timestamp="2022-07-10T20:11:51 IST" skipped="0">
  <testcase classname="ProjectWithDifferentSetOfData.CreateProjectWithDifferentSetOfDataTest" name="createProjectWithDiffData" time="0.030"/>
  <system-out/>
  <testcase classname="ProjectWithDifferentSetOfData.CreateProjectWithDifferentSetOfDataTest" name="createProjectWithDiffData" time="1.341"/>
  <system-out/>
  <testcase classname="ProjectWithDifferentSetOfData.CreateProjectWithDifferentSetOfDataTest" name="createProjectWithDiffData" time="0.029"/>
  <system-out/>
  <testcase classname="ProjectWithDifferentSetOfData.CreateProjectWithDifferentSetOfDataTest" name="createProjectWithDiffData" time="0.037"/>
  <system-out/>
  <testcase classname="ProjectWithDifferentSetOfData.CreateProjectWithDifferentSetOfDataTest" name="createProjectWithDiffData" time="0.028"/>
  <system-out/>
</testsuite> <!-- ProjectWithDifferentSetOfData.CreateProjectWithDifferentSetOfDataTest -->
