<?xml version="1.0" encoding="UTF-8"?>
<!-- Generated by org.testng.reporters.JUnitReportReporter -->
<testsuite hostname="DESKTOP-7J833FF" failures="0" tests="1" name="RequestChaining.CreateAProjectWithStatus" time="2.604" errors="0" timestamp="2022-07-11T15:07:34 IST" skipped="0">
  <testcase classname="RequestChaining.CreateAProjectWithStatus" name="createAProjectWithStatus" time="2.604"/>
  <system-out/>
</testsuite> <!-- RequestChaining.CreateAProjectWithStatus -->
