<?xml version="1.0" encoding="UTF-8"?>
<!-- Generated by org.testng.reporters.JUnitReportReporter -->
<testsuite hostname="DESKTOP-7J833FF" failures="0" tests="1" name="CRUDoperationWithBDD.GetSingleProjectTest" time="1.048" errors="0" timestamp="2022-07-07T16:49:22 IST" skipped="0">
  <testcase classname="CRUDoperationWithBDD.GetSingleProjectTest" name="getSingleProjectTest" time="1.048"/>
  <system-out/>
</testsuite> <!-- CRUDoperationWithBDD.GetSingleProjectTest -->
