<?xml version="1.0" encoding="UTF-8"?>
<!-- Generated by org.testng.reporters.JUnitReportReporter -->
<testsuite hostname="DESKTOP-7J833FF" failures="0" tests="1" name="CRUDoperationWithBDD.GetallProjectsTest" time="1.720" errors="0" timestamp="2022-07-08T17:26:14 IST" skipped="0">
  <testcase classname="CRUDoperationWithBDD.GetallProjectsTest" name="getAllProjects" time="1.720"/>
  <system-out/>
</testsuite> <!-- CRUDoperationWithBDD.GetallProjectsTest -->
