<?xml version="1.0" encoding="UTF-8"?>
<!-- Generated by org.testng.reporters.JUnitReportReporter -->
<testsuite hostname="DESKTOP-7J833FF" failures="0" tests="1" name="DifferentwaysToPOST.CreateProjectUsingJSONFileTest" time="1.796" errors="0" timestamp="2022-07-07T22:45:55 IST" skipped="0">
  <testcase classname="DifferentwaysToPOST.CreateProjectUsingJSONFileTest" name="createProjectUsingJSONFile" time="1.796"/>
  <system-out/>
</testsuite> <!-- DifferentwaysToPOST.CreateProjectUsingJSONFileTest -->
