<?xml version="1.0" encoding="UTF-8"?>
<!-- Generated by org.testng.reporters.JUnitReportReporter -->
<testsuite hostname="DESKTOP-7J833FF" failures="0" tests="1" name="BasicAuthentication.BasicAuth" time="1.939" errors="0" timestamp="2022-07-11T12:26:12 IST" skipped="0">
  <testcase classname="BasicAuthentication.BasicAuth" name="premtiveAuth" time="1.939"/>
  <system-out/>
</testsuite> <!-- BasicAuthentication.BasicAuth -->
