<?xml version="1.0" encoding="UTF-8"?>
<!-- Generated by org.testng.reporters.JUnitReportReporter -->
<testsuite hostname="DESKTOP-7J833FF" failures="0" tests="1" name="DifferentwaysToPOST.CreateProjectUsingPOJOTest" time="1.106" errors="0" timestamp="2022-07-08T11:37:05 IST" skipped="0">
  <testcase classname="DifferentwaysToPOST.CreateProjectUsingPOJOTest" name="createProjectUsingPojo" time="1.106"/>
  <system-out/>
</testsuite> <!-- DifferentwaysToPOST.CreateProjectUsingPOJOTest -->
