<?xml version="1.0" encoding="UTF-8"?>
<!-- Generated by org.testng.reporters.JUnitReportReporter -->
<testsuite hostname="DESKTOP-7J833FF" failures="0" tests="1" name="CRUDoperationWithBDD.UpdateTheProjectTest" time="1.216" errors="0" timestamp="2022-07-07T17:00:19 IST" skipped="0">
  <testcase classname="CRUDoperationWithBDD.UpdateTheProjectTest" name="updateTheProject" time="1.216"/>
  <system-out/>
</testsuite> <!-- CRUDoperationWithBDD.UpdateTheProjectTest -->
