<?xml version="1.0" encoding="UTF-8"?>
<!-- Generated by org.testng.reporters.JUnitReportReporter -->
<testsuite hostname="DESKTOP-7J833FF" failures="0" tests="1" name="CRUDoperationsWithoutBDD.GetSingleProject" time="0.997" errors="0" timestamp="2022-07-07T15:37:40 IST" skipped="0">
  <testcase classname="CRUDoperationsWithoutBDD.GetSingleProject" name="getSingleProjectTest" time="0.997"/>
  <system-out/>
</testsuite> <!-- CRUDoperationsWithoutBDD.GetSingleProject -->
