<?xml version="1.0" encoding="UTF-8"?>
<!-- Generated by org.testng.reporters.JUnitReportReporter -->
<testsuite hostname="DESKTOP-7J833FF" failures="0" tests="1" name="DataDrivenTesting.PathParametersTest" time="1.923" errors="0" timestamp="2022-07-08T17:10:20 IST" skipped="0">
  <testcase classname="DataDrivenTesting.PathParametersTest" name="pathParameter" time="1.923"/>
  <system-out/>
</testsuite> <!-- DataDrivenTesting.PathParametersTest -->
