<?xml version="1.0" encoding="UTF-8"?>
<!-- Generated by org.testng.reporters.JUnitReportReporter -->
<testsuite hostname="DESKTOP-7J833FF" failures="0" tests="1" name="ResponseValidation.ResponseTimeValidationTest" time="1.316" errors="0" timestamp="2022-07-10T20:04:03 IST" skipped="0">
  <testcase classname="ResponseValidation.ResponseTimeValidationTest" name="responseTimeValidation" time="1.316"/>
  <system-out/>
</testsuite> <!-- ResponseValidation.ResponseTimeValidationTest -->
