<?xml version="1.0" encoding="UTF-8"?>
<!-- Generated by org.testng.reporters.JUnitReportReporter -->
<testsuite hostname="DESKTOP-7J833FF" failures="0" tests="1" name="ResponseValidation.DynamicResponseValidationTest" time="1.668" errors="0" timestamp="2022-07-10T20:03:52 IST" skipped="0">
  <testcase classname="ResponseValidation.DynamicResponseValidationTest" name="dynamicResponseValidation" time="1.668"/>
  <system-out/>
</testsuite> <!-- ResponseValidation.DynamicResponseValidationTest -->
