<?xml version="1.0" encoding="UTF-8"?>
<!-- Generated by org.testng.reporters.JUnitReportReporter -->
<testsuite hostname="DESKTOP-7J833FF" failures="0" tests="1" name="CRUDoperationWithBDD.DeleteTheProjectTest" time="0.990" errors="0" timestamp="2022-07-07T17:05:22 IST" skipped="0">
  <testcase classname="CRUDoperationWithBDD.DeleteTheProjectTest" name="deleteTheProject" time="0.990"/>
  <system-out/>
</testsuite> <!-- CRUDoperationWithBDD.DeleteTheProjectTest -->
