<?xml version="1.0" encoding="UTF-8"?>
<!-- Generated by org.testng.reporters.JUnitReportReporter -->
<testsuite hostname="DESKTOP-7J833FF" failures="0" tests="1" name="CRUDoperationsWithoutBDD.GetAllprojects" time="1.887" errors="0" timestamp="2022-07-07T14:25:52 IST" skipped="0">
  <testcase classname="CRUDoperationsWithoutBDD.GetAllprojects" name="getAllProjectsTest" time="1.887"/>
  <system-out/>
</testsuite> <!-- CRUDoperationsWithoutBDD.GetAllprojects -->
