<?xml version="1.0" encoding="UTF-8"?>
<!-- Generated by org.testng.reporters.JUnitReportReporter -->
<testsuite hostname="DESKTOP-7J833FF" failures="0" tests="1" name="ComplexDataRequest.PetStoreComplexDataTest" time="0.008" errors="0" timestamp="2022-07-09T20:51:54 IST" skipped="0">
  <testcase classname="ComplexDataRequest.PetStoreComplexDataTest" name="petStore" time="0.008"/>
  <system-out/>
</testsuite> <!-- ComplexDataRequest.PetStoreComplexDataTest -->
