<?xml version="1.0" encoding="UTF-8"?>
<!-- Generated by org.testng.reporters.JUnitReportReporter -->
<testsuite hostname="DESKTOP-7J833FF" failures="0" tests="1" name="CRUDoperationsWithoutBDD.UpdateTheProject" time="1.369" errors="0" timestamp="2022-07-07T15:36:58 IST" skipped="0">
  <testcase classname="CRUDoperationsWithoutBDD.UpdateTheProject" name="updateTheProjectTest" time="1.369"/>
  <system-out/>
</testsuite> <!-- CRUDoperationsWithoutBDD.UpdateTheProject -->
