<?xml version="1.0" encoding="UTF-8"?>
<!-- Generated by org.testng.reporters.JUnitReportReporter -->
<testsuite hostname="DESKTOP-7J833FF" failures="0" tests="1" name="RequestChaining.CreateAProjectAndDelete" time="1.675" errors="0" timestamp="2022-07-08T23:39:45 IST" skipped="0">
  <testcase classname="RequestChaining.CreateAProjectAndDelete" name="createAProjectAndDelete" time="1.675"/>
  <system-out/>
</testsuite> <!-- RequestChaining.CreateAProjectAndDelete -->
