<?xml version="1.0" encoding="UTF-8"?>
<!-- Generated by org.testng.reporters.JUnitReportReporter -->
<testsuite hostname="DESKTOP-7J833FF" failures="0" tests="1" name="DifferentwaysToPOST.CreateProjectUsingPOJOTest1" time="1.159" errors="0" timestamp="2022-07-08T11:34:41 IST" skipped="0">
  <testcase classname="DifferentwaysToPOST.CreateProjectUsingPOJOTest1" name="createProjectUsingPOJO" time="1.159"/>
  <system-out/>
</testsuite> <!-- DifferentwaysToPOST.CreateProjectUsingPOJOTest1 -->
