<?xml version="1.0" encoding="UTF-8"?>
<!-- Generated by org.testng.reporters.JUnitReportReporter -->
<testsuite hostname="DESKTOP-7J833FF" failures="0" tests="1" name="RequestChaining.CreateAProjectAndGet" time="3.008" errors="0" timestamp="2022-07-09T19:02:51 IST" skipped="0">
  <testcase classname="RequestChaining.CreateAProjectAndGet" name="createAProjectAndGet" time="3.008"/>
  <system-out/>
</testsuite> <!-- RequestChaining.CreateAProjectAndGet -->
