<?xml version="1.0" encoding="UTF-8"?>
<!-- Generated by org.testng.reporters.JUnitReportReporter -->
<testsuite hostname="DESKTOP-7J833FF" failures="0" tests="1" name="DataDrivenTesting.QueryParameterTest" time="2.961" errors="0" timestamp="2022-07-08T16:29:04 IST" skipped="0">
  <testcase classname="DataDrivenTesting.QueryParameterTest" name="queryParameter" time="2.961"/>
  <system-out/>
</testsuite> <!-- DataDrivenTesting.QueryParameterTest -->
